1694162831636	geckodriver	INFO	Listening on 127.0.0.1:58217
1694162834646	mozrunner::runner	INFO	Running command: "C:\\Program Files\\Mozilla Firefox\\firefox.exe" "--marionette" "--remote-debugging-port" "58218" "--remote-allow-hosts" "localhost" "-no-remote" "-profile" "C:\\Users\\002TDB~1\\AppData\\Local\\Temp\\rust_mozprofileRU0cvD"
console.error: Enterprise Policies: 
  Unknown policy: FlashPlugin
console.warn: services.settings: Ignoring preference override of remote settings server
console.warn: services.settings: Allow by setting MOZ_REMOTE_SETTINGS_DEVTOOLS=1 in the environment
1694162835037	Marionette	INFO	Marionette enabled
Dynamically enable window occlusion 0
1694162835151	Marionette	INFO	Listening on port 58225
WebDriver BiDi listening on ws://127.0.0.1:58218
Read port: 58225
1694162835397	RemoteAgent	WARN	TLS certificate errors will be ignored for this session
DevTools listening on ws://127.0.0.1:58218/devtools/browser/4bb2234e-44e4-4022-a55f-55363c32d8ca
1694162839746	Marionette	INFO	Stopped listening on port 58225
Dynamically enable window occlusion 1
1694162910744	geckodriver	INFO	Listening on 127.0.0.1:58274
1694162913763	mozrunner::runner	INFO	Running command: "C:\\Program Files\\Mozilla Firefox\\firefox.exe" "--marionette" "--remote-debugging-port" "58275" "--remote-allow-hosts" "localhost" "-no-remote" "-profile" "C:\\Users\\002TDB~1\\AppData\\Local\\Temp\\rust_mozprofileqa7n7l"
console.error: Enterprise Policies: 
  Unknown policy: FlashPlugin
console.warn: services.settings: Ignoring preference override of remote settings server
console.warn: services.settings: Allow by setting MOZ_REMOTE_SETTINGS_DEVTOOLS=1 in the environment
1694162914157	Marionette	INFO	Marionette enabled
Dynamically enable window occlusion 0
1694162914274	Marionette	INFO	Listening on port 58283
WebDriver BiDi listening on ws://127.0.0.1:58275
Read port: 58283
1694162914515	RemoteAgent	WARN	TLS certificate errors will be ignored for this session
DevTools listening on ws://127.0.0.1:58275/devtools/browser/040e6132-5662-401c-b9b2-e9e8e3b53ccb
1694162919145	Marionette	INFO	Stopped listening on port 58283
JavaScript warning: https://alchemy.hguy.co/crm/cache/include/javascript/sugar_grp1.js?v=cK7kLsY0ftg72ZVHTYUT_g, line 855: Script terminated by timeout at:
q@https://alchemy.hguy.co/crm/cache/include/javascript/sugar_grp1.js?v=cK7kLsY0ftg72ZVHTYUT_g:855:6314

Dynamically enable window occlusion 1
1694165901634	geckodriver	INFO	Listening on 127.0.0.1:62922
1694165904652	mozrunner::runner	INFO	Running command: "C:\\Program Files\\Mozilla Firefox\\firefox.exe" "--marionette" "--remote-debugging-port" "62923" "--remote-allow-hosts" "localhost" "-no-remote" "-profile" "C:\\Users\\002TDB~1\\AppData\\Local\\Temp\\rust_mozprofileqodXYJ"
console.error: Enterprise Policies: 
  Unknown policy: FlashPlugin
console.warn: services.settings: Ignoring preference override of remote settings server
console.warn: services.settings: Allow by setting MOZ_REMOTE_SETTINGS_DEVTOOLS=1 in the environment
1694165905039	Marionette	INFO	Marionette enabled
Dynamically enable window occlusion 0
1694165905160	Marionette	INFO	Listening on port 62932
WebDriver BiDi listening on ws://127.0.0.1:62923
Read port: 62932
1694165905410	RemoteAgent	WARN	TLS certificate errors will be ignored for this session
DevTools listening on ws://127.0.0.1:62923/devtools/browser/ab576508-e92c-402d-bcf1-3d558c58032e
1694165909123	Marionette	INFO	Stopped listening on port 62932
Dynamically enable window occlusion 1
1694165998475	geckodriver	INFO	Listening on 127.0.0.1:63004
1694166001495	mozrunner::runner	INFO	Running command: "C:\\Program Files\\Mozilla Firefox\\firefox.exe" "--marionette" "--remote-debugging-port" "63005" "--remote-allow-hosts" "localhost" "-no-remote" "-profile" "C:\\Users\\002TDB~1\\AppData\\Local\\Temp\\rust_mozprofileo0UxTG"
console.error: Enterprise Policies: 
  Unknown policy: FlashPlugin
console.warn: services.settings: Ignoring preference override of remote settings server
console.warn: services.settings: Allow by setting MOZ_REMOTE_SETTINGS_DEVTOOLS=1 in the environment
1694166001886	Marionette	INFO	Marionette enabled
Dynamically enable window occlusion 0
1694166002004	Marionette	INFO	Listening on port 63024
WebDriver BiDi listening on ws://127.0.0.1:63005
Read port: 63024
1694166002285	RemoteAgent	WARN	TLS certificate errors will be ignored for this session
DevTools listening on ws://127.0.0.1:63005/devtools/browser/c9ad7f10-db26-4f23-a56b-6823955ff4b3
1694166005585	Marionette	INFO	Stopped listening on port 63024
Dynamically enable window occlusion 1
1694166636731	geckodriver	INFO	Listening on 127.0.0.1:56952
1694166639762	mozrunner::runner	INFO	Running command: "C:\\Program Files\\Mozilla Firefox\\firefox.exe" "--marionette" "--remote-debugging-port" "56953" "--remote-allow-hosts" "localhost" "-no-remote" "-profile" "C:\\Users\\002TDB~1\\AppData\\Local\\Temp\\rust_mozprofileu6porg"
console.error: Enterprise Policies: 
  Unknown policy: FlashPlugin
console.warn: services.settings: Ignoring preference override of remote settings server
console.warn: services.settings: Allow by setting MOZ_REMOTE_SETTINGS_DEVTOOLS=1 in the environment
1694166640245	Marionette	INFO	Marionette enabled
Dynamically enable window occlusion 0
1694166640362	Marionette	INFO	Listening on port 56960
WebDriver BiDi listening on ws://127.0.0.1:56953
Read port: 56960
1694166640614	RemoteAgent	WARN	TLS certificate errors will be ignored for this session
DevTools listening on ws://127.0.0.1:56953/devtools/browser/d6b4e007-b081-40d8-b596-f77a0ac69cd2
1694166645302	Marionette	INFO	Stopped listening on port 56960
JavaScript warning: https://alchemy.hguy.co/crm/cache/include/javascript/sugar_grp1_yui.js?v=cK7kLsY0ftg72ZVHTYUT_g, line 377: Script terminated by timeout at:
k@https://alchemy.hguy.co/crm/cache/include/javascript/sugar_grp1_yui.js?v=cK7kLsY0ftg72ZVHTYUT_g:377:105
f/<@https://alchemy.hguy.co/crm/cache/include/javascript/sugar_grp1_yui.js?v=cK7kLsY0ftg72ZVHTYUT_g:377:2262

Dynamically enable window occlusion 1
1694166681960	geckodriver	INFO	Listening on 127.0.0.1:57006
1694166684971	mozrunner::runner	INFO	Running command: "C:\\Program Files\\Mozilla Firefox\\firefox.exe" "--marionette" "--remote-debugging-port" "57007" "--remote-allow-hosts" "localhost" "-no-remote" "-profile" "C:\\Users\\002TDB~1\\AppData\\Local\\Temp\\rust_mozprofilekGgTxq"
console.error: Enterprise Policies: 
  Unknown policy: FlashPlugin
console.warn: services.settings: Ignoring preference override of remote settings server
console.warn: services.settings: Allow by setting MOZ_REMOTE_SETTINGS_DEVTOOLS=1 in the environment
1694166685375	Marionette	INFO	Marionette enabled
Dynamically enable window occlusion 0
1694166685492	Marionette	INFO	Listening on port 57014
WebDriver BiDi listening on ws://127.0.0.1:57007
Read port: 57014
1694166685735	RemoteAgent	WARN	TLS certificate errors will be ignored for this session
DevTools listening on ws://127.0.0.1:57007/devtools/browser/625403c4-d784-4ad5-aaa3-07f309690a4a
1694166690476	Marionette	INFO	Stopped listening on port 57014
Dynamically enable window occlusion 1
1694166813729	geckodriver	INFO	Listening on 127.0.0.1:57095
1694166816775	mozrunner::runner	INFO	Running command: "C:\\Program Files\\Mozilla Firefox\\firefox.exe" "--marionette" "--remote-debugging-port" "57096" "--remote-allow-hosts" "localhost" "-no-remote" "-profile" "C:\\Users\\002TDB~1\\AppData\\Local\\Temp\\rust_mozprofilelhrhQy"
console.error: Enterprise Policies: 
  Unknown policy: FlashPlugin
console.warn: services.settings: Ignoring preference override of remote settings server
console.warn: services.settings: Allow by setting MOZ_REMOTE_SETTINGS_DEVTOOLS=1 in the environment
1694166817168	Marionette	INFO	Marionette enabled
Dynamically enable window occlusion 0
1694166817281	Marionette	INFO	Listening on port 57103
WebDriver BiDi listening on ws://127.0.0.1:57096
Read port: 57103
1694166817524	RemoteAgent	WARN	TLS certificate errors will be ignored for this session
DevTools listening on ws://127.0.0.1:57096/devtools/browser/d3a7e4b8-7614-4cda-ab69-9c6a469ecc78
1694166821336	Marionette	INFO	Stopped listening on port 57103
Dynamically enable window occlusion 1
1694166946189	geckodriver	INFO	Listening on 127.0.0.1:57375
1694166949215	mozrunner::runner	INFO	Running command: "C:\\Program Files\\Mozilla Firefox\\firefox.exe" "--marionette" "--remote-debugging-port" "57376" "--remote-allow-hosts" "localhost" "-no-remote" "-profile" "C:\\Users\\002TDB~1\\AppData\\Local\\Temp\\rust_mozprofileLUxpAK"
console.error: Enterprise Policies: 
  Unknown policy: FlashPlugin
console.warn: services.settings: Ignoring preference override of remote settings server
console.warn: services.settings: Allow by setting MOZ_REMOTE_SETTINGS_DEVTOOLS=1 in the environment
1694166949609	Marionette	INFO	Marionette enabled
Dynamically enable window occlusion 0
1694166949721	Marionette	INFO	Listening on port 57384
WebDriver BiDi listening on ws://127.0.0.1:57376
Read port: 57384
1694166949968	RemoteAgent	WARN	TLS certificate errors will be ignored for this session
DevTools listening on ws://127.0.0.1:57376/devtools/browser/fe004eab-6e37-4b34-b2fe-ac93d7ab3679
console.warn: LoginRecipes: "Falling back to a synchronous message for: https://alchemy.hguy.co."
console.warn: LoginRecipes: "Falling back to a synchronous message for: https://alchemy.hguy.co."
JavaScript warning: https://alchemy.hguy.co/crm/include/SuiteGraphs/rgraph/libraries/RGraph.common.effects.js, line 188: unreachable code after return statement
1694166955215	Marionette	INFO	Stopped listening on port 57384
JavaScript warning: https://alchemy.hguy.co/crm/cache/include/javascript/sugar_grp1_jquery.js?v=cK7kLsY0ftg72ZVHTYUT_g, line 2: Script terminated by timeout at:
n@https://alchemy.hguy.co/crm/cache/include/javascript/sugar_grp1_jquery.js?v=cK7kLsY0ftg72ZVHTYUT_g:2:398
initializeBootstrapCheckboxes@https://alchemy.hguy.co/crm/cache/themes/SuiteP/js/style.js?v=cK7kLsY0ftg72ZVHTYUT_g:533:14
listViewCheckboxInit@https://alchemy.hguy.co/crm/cache/themes/SuiteP/js/style.js?v=cK7kLsY0ftg72ZVHTYUT_g:571:5
@https://alchemy.hguy.co/crm/cache/themes/SuiteP/js/style.js?v=cK7kLsY0ftg72ZVHTYUT_g:574:5

Dynamically enable window occlusion 1
1694167451416	geckodriver	INFO	Listening on 127.0.0.1:60734
1694167454450	mozrunner::runner	INFO	Running command: "C:\\Program Files\\Mozilla Firefox\\firefox.exe" "--marionette" "--remote-debugging-port" "60735" "--remote-allow-hosts" "localhost" "-no-remote" "-profile" "C:\\Users\\002TDB~1\\AppData\\Local\\Temp\\rust_mozprofilesbez3n"
console.error: Enterprise Policies: 
  Unknown policy: FlashPlugin
console.warn: services.settings: Ignoring preference override of remote settings server
console.warn: services.settings: Allow by setting MOZ_REMOTE_SETTINGS_DEVTOOLS=1 in the environment
1694167454855	Marionette	INFO	Marionette enabled
Dynamically enable window occlusion 0
1694167454972	Marionette	INFO	Listening on port 60743
WebDriver BiDi listening on ws://127.0.0.1:60735
Read port: 60743
1694167455213	RemoteAgent	WARN	TLS certificate errors will be ignored for this session
DevTools listening on ws://127.0.0.1:60735/devtools/browser/c338a647-19e0-4a89-a906-05b193b048ef
console.warn: LoginRecipes: "Falling back to a synchronous message for: https://alchemy.hguy.co."
console.warn: LoginRecipes: "Falling back to a synchronous message for: https://alchemy.hguy.co."
JavaScript warning: https://alchemy.hguy.co/crm/include/SuiteGraphs/rgraph/libraries/RGraph.common.effects.js, line 188: unreachable code after return statement
1694167460268	Marionette	INFO	Stopped listening on port 60743
Dynamically enable window occlusion 1
1694167745471	geckodriver	INFO	Listening on 127.0.0.1:60965
1694167748543	mozrunner::runner	INFO	Running command: "C:\\Program Files\\Mozilla Firefox\\firefox.exe" "--marionette" "--remote-debugging-port" "60966" "--remote-allow-hosts" "localhost" "-no-remote" "-profile" "C:\\Users\\002TDB~1\\AppData\\Local\\Temp\\rust_mozprofilem5fqQh"
console.error: Enterprise Policies: 
  Unknown policy: FlashPlugin
console.warn: services.settings: Ignoring preference override of remote settings server
console.warn: services.settings: Allow by setting MOZ_REMOTE_SETTINGS_DEVTOOLS=1 in the environment
1694167748933	Marionette	INFO	Marionette enabled
Dynamically enable window occlusion 0
1694167749053	Marionette	INFO	Listening on port 60975
WebDriver BiDi listening on ws://127.0.0.1:60966
Read port: 60975
1694167749294	RemoteAgent	WARN	TLS certificate errors will be ignored for this session
DevTools listening on ws://127.0.0.1:60966/devtools/browser/94ca316e-85d3-4c88-b453-673741ccada4
1694167753840	Marionette	INFO	Stopped listening on port 60975
JavaScript warning: https://alchemy.hguy.co/crm/cache/include/javascript/sugar_grp1_yui.js?v=cK7kLsY0ftg72ZVHTYUT_g, line 79: Script terminated by timeout at:
_tryPreloadAttach@https://alchemy.hguy.co/crm/cache/include/javascript/sugar_grp1_yui.js?v=cK7kLsY0ftg72ZVHTYUT_g:79:30489
q@https://alchemy.hguy.co/crm/cache/include/javascript/sugar_grp1.js?v=cK7kLsY0ftg72ZVHTYUT_g:855:6316

Dynamically enable window occlusion 1
1694167858437	geckodriver	INFO	Listening on 127.0.0.1:61085
1694167861447	mozrunner::runner	INFO	Running command: "C:\\Program Files\\Mozilla Firefox\\firefox.exe" "--marionette" "--remote-debugging-port" "61086" "--remote-allow-hosts" "localhost" "-no-remote" "-profile" "C:\\Users\\002TDB~1\\AppData\\Local\\Temp\\rust_mozprofile0z3mfX"
console.error: Enterprise Policies: 
  Unknown policy: FlashPlugin
console.warn: services.settings: Ignoring preference override of remote settings server
console.warn: services.settings: Allow by setting MOZ_REMOTE_SETTINGS_DEVTOOLS=1 in the environment
1694167861828	Marionette	INFO	Marionette enabled
Dynamically enable window occlusion 0
1694167861940	Marionette	INFO	Listening on port 61094
WebDriver BiDi listening on ws://127.0.0.1:61086
Read port: 61094
1694167862190	RemoteAgent	WARN	TLS certificate errors will be ignored for this session
DevTools listening on ws://127.0.0.1:61086/devtools/browser/19db626c-2bb7-41c6-9017-2d25d161ecfd
1694167865958	Marionette	INFO	Stopped listening on port 61094
JavaScript warning: https://alchemy.hguy.co/crm/cache/include/javascript/sugar_grp1_yui.js?v=cK7kLsY0ftg72ZVHTYUT_g, line 377: Script terminated by timeout at:
f/<@https://alchemy.hguy.co/crm/cache/include/javascript/sugar_grp1_yui.js?v=cK7kLsY0ftg72ZVHTYUT_g:377:2260

Dynamically enable window occlusion 1
1694167983670	geckodriver	INFO	Listening on 127.0.0.1:63806
1694167986701	mozrunner::runner	INFO	Running command: "C:\\Program Files\\Mozilla Firefox\\firefox.exe" "--marionette" "--remote-debugging-port" "63807" "--remote-allow-hosts" "localhost" "-no-remote" "-profile" "C:\\Users\\002TDB~1\\AppData\\Local\\Temp\\rust_mozprofilemGNaco"
console.error: Enterprise Policies: 
  Unknown policy: FlashPlugin
console.warn: services.settings: Ignoring preference override of remote settings server
console.warn: services.settings: Allow by setting MOZ_REMOTE_SETTINGS_DEVTOOLS=1 in the environment
1694167987112	Marionette	INFO	Marionette enabled
Dynamically enable window occlusion 0
1694167987232	Marionette	INFO	Listening on port 63816
WebDriver BiDi listening on ws://127.0.0.1:63807
Read port: 63816
1694167987474	RemoteAgent	WARN	TLS certificate errors will be ignored for this session
DevTools listening on ws://127.0.0.1:63807/devtools/browser/aaf724ce-4796-494c-a222-a8bcfc927422
1694167991438	Marionette	INFO	Stopped listening on port 63816
JavaScript warning: https://alchemy.hguy.co/crm/cache/include/javascript/sugar_grp1_yui.js?v=cK7kLsY0ftg72ZVHTYUT_g, line 79: Script terminated by timeout at:
_tryPreloadAttach@https://alchemy.hguy.co/crm/cache/include/javascript/sugar_grp1_yui.js?v=cK7kLsY0ftg72ZVHTYUT_g:79:30489
q@https://alchemy.hguy.co/crm/cache/include/javascript/sugar_grp1.js?v=cK7kLsY0ftg72ZVHTYUT_g:855:6316

Dynamically enable window occlusion 1
1694168027215	geckodriver	INFO	Listening on 127.0.0.1:63875
1694168030223	mozrunner::runner	INFO	Running command: "C:\\Program Files\\Mozilla Firefox\\firefox.exe" "--marionette" "--remote-debugging-port" "63876" "--remote-allow-hosts" "localhost" "-no-remote" "-profile" "C:\\Users\\002TDB~1\\AppData\\Local\\Temp\\rust_mozprofileboSkYj"
console.error: Enterprise Policies: 
  Unknown policy: FlashPlugin
console.warn: services.settings: Ignoring preference override of remote settings server
console.warn: services.settings: Allow by setting MOZ_REMOTE_SETTINGS_DEVTOOLS=1 in the environment
1694168030621	Marionette	INFO	Marionette enabled
Dynamically enable window occlusion 0
1694168030732	Marionette	INFO	Listening on port 63885
WebDriver BiDi listening on ws://127.0.0.1:63876
Read port: 63885
1694168030976	RemoteAgent	WARN	TLS certificate errors will be ignored for this session
DevTools listening on ws://127.0.0.1:63876/devtools/browser/4f69b314-1984-46fb-a99f-027bfc2018fd
1694168034982	Marionette	INFO	Stopped listening on port 63885
Dynamically enable window occlusion 1
1694168057673	geckodriver	INFO	Listening on 127.0.0.1:63937
1694168060704	mozrunner::runner	INFO	Running command: "C:\\Program Files\\Mozilla Firefox\\firefox.exe" "--marionette" "--remote-debugging-port" "63938" "--remote-allow-hosts" "localhost" "-no-remote" "-profile" "C:\\Users\\002TDB~1\\AppData\\Local\\Temp\\rust_mozprofilenJVSOu"
console.error: Enterprise Policies: 
  Unknown policy: FlashPlugin
console.warn: services.settings: Ignoring preference override of remote settings server
console.warn: services.settings: Allow by setting MOZ_REMOTE_SETTINGS_DEVTOOLS=1 in the environment
1694168061112	Marionette	INFO	Marionette enabled
Dynamically enable window occlusion 0
1694168061228	Marionette	INFO	Listening on port 63946
WebDriver BiDi listening on ws://127.0.0.1:63938
Read port: 63946
1694168061468	RemoteAgent	WARN	TLS certificate errors will be ignored for this session
DevTools listening on ws://127.0.0.1:63938/devtools/browser/deb880f9-279c-4ee5-b4cf-b0dd3a2032cf
1694168066064	Marionette	INFO	Stopped listening on port 63946
JavaScript warning: https://alchemy.hguy.co/crm/cache/include/javascript/sugar_grp1.js?v=cK7kLsY0ftg72ZVHTYUT_g, line 855: Script terminated by timeout at:
q@https://alchemy.hguy.co/crm/cache/include/javascript/sugar_grp1.js?v=cK7kLsY0ftg72ZVHTYUT_g:855:6314

Dynamically enable window occlusion 1
1694168126609	geckodriver	INFO	Listening on 127.0.0.1:64066
1694168129632	mozrunner::runner	INFO	Running command: "C:\\Program Files\\Mozilla Firefox\\firefox.exe" "--marionette" "--remote-debugging-port" "64067" "--remote-allow-hosts" "localhost" "-no-remote" "-profile" "C:\\Users\\002TDB~1\\AppData\\Local\\Temp\\rust_mozprofileOMAGwM"
console.error: Enterprise Policies: 
  Unknown policy: FlashPlugin
console.warn: services.settings: Ignoring preference override of remote settings server
console.warn: services.settings: Allow by setting MOZ_REMOTE_SETTINGS_DEVTOOLS=1 in the environment
1694168130016	Marionette	INFO	Marionette enabled
Dynamically enable window occlusion 0
1694168130136	Marionette	INFO	Listening on port 64076
WebDriver BiDi listening on ws://127.0.0.1:64067
Read port: 64076
1694168130371	RemoteAgent	WARN	TLS certificate errors will be ignored for this session
DevTools listening on ws://127.0.0.1:64067/devtools/browser/fc61822a-9900-45c3-8ac0-db86adf88860
1694168133745	Marionette	INFO	Stopped listening on port 64076
Dynamically enable window occlusion 1
1694168177242	geckodriver	INFO	Listening on 127.0.0.1:64148
1694168180263	mozrunner::runner	INFO	Running command: "C:\\Program Files\\Mozilla Firefox\\firefox.exe" "--marionette" "--remote-debugging-port" "64149" "--remote-allow-hosts" "localhost" "-no-remote" "-profile" "C:\\Users\\002TDB~1\\AppData\\Local\\Temp\\rust_mozprofilemqFU1x"
console.error: Enterprise Policies: 
  Unknown policy: FlashPlugin
console.warn: services.settings: Ignoring preference override of remote settings server
console.warn: services.settings: Allow by setting MOZ_REMOTE_SETTINGS_DEVTOOLS=1 in the environment
1694168180663	Marionette	INFO	Marionette enabled
Dynamically enable window occlusion 0
1694168180776	Marionette	INFO	Listening on port 64157
WebDriver BiDi listening on ws://127.0.0.1:64149
Read port: 64157
1694168181025	RemoteAgent	WARN	TLS certificate errors will be ignored for this session
DevTools listening on ws://127.0.0.1:64149/devtools/browser/663ddc0c-e90b-4b23-ae17-7b3f023b27db
1694168185050	Marionette	INFO	Stopped listening on port 64157
JavaScript warning: https://alchemy.hguy.co/crm/cache/include/javascript/sugar_grp1.js?v=cK7kLsY0ftg72ZVHTYUT_g, line 855: Script terminated by timeout at:
q@https://alchemy.hguy.co/crm/cache/include/javascript/sugar_grp1.js?v=cK7kLsY0ftg72ZVHTYUT_g:855:6314

Dynamically enable window occlusion 1
1694168728412	geckodriver	INFO	Listening on 127.0.0.1:65190
1694168731493	mozrunner::runner	INFO	Running command: "C:\\Program Files\\Mozilla Firefox\\firefox.exe" "--marionette" "--remote-debugging-port" "65191" "--remote-allow-hosts" "localhost" "-no-remote" "-profile" "C:\\Users\\002TDB~1\\AppData\\Local\\Temp\\rust_mozprofileW3Jzww"
console.error: Enterprise Policies: 
  Unknown policy: FlashPlugin
console.warn: services.settings: Ignoring preference override of remote settings server
console.warn: services.settings: Allow by setting MOZ_REMOTE_SETTINGS_DEVTOOLS=1 in the environment
1694168731888	Marionette	INFO	Marionette enabled
Dynamically enable window occlusion 0
1694168731999	Marionette	INFO	Listening on port 65200
WebDriver BiDi listening on ws://127.0.0.1:65191
Read port: 65200
1694168732254	RemoteAgent	WARN	TLS certificate errors will be ignored for this session
DevTools listening on ws://127.0.0.1:65191/devtools/browser/08bbbaa7-89e5-401b-b18d-7c2cdf52fd40
console.warn: LoginRecipes: "Falling back to a synchronous message for: https://alchemy.hguy.co."
console.warn: LoginRecipes: "Falling back to a synchronous message for: https://alchemy.hguy.co."
JavaScript warning: https://alchemy.hguy.co/crm/include/SuiteGraphs/rgraph/libraries/RGraph.common.effects.js, line 188: unreachable code after return statement
1694168738141	Marionette	INFO	Stopped listening on port 65200
JavaScript warning: https://alchemy.hguy.co/crm/cache/include/javascript/sugar_grp1_yui.js?v=cK7kLsY0ftg72ZVHTYUT_g, line 377: Script terminated by timeout at:
k@https://alchemy.hguy.co/crm/cache/include/javascript/sugar_grp1_yui.js?v=cK7kLsY0ftg72ZVHTYUT_g:377:174
f/<@https://alchemy.hguy.co/crm/cache/include/javascript/sugar_grp1_yui.js?v=cK7kLsY0ftg72ZVHTYUT_g:377:2262

Dynamically enable window occlusion 1
1694168793523	geckodriver	INFO	Listening on 127.0.0.1:65286
1694168796540	mozrunner::runner	INFO	Running command: "C:\\Program Files\\Mozilla Firefox\\firefox.exe" "--marionette" "--remote-debugging-port" "65287" "--remote-allow-hosts" "localhost" "-no-remote" "-profile" "C:\\Users\\002TDB~1\\AppData\\Local\\Temp\\rust_mozprofileamEadv"
console.error: Enterprise Policies: 
  Unknown policy: FlashPlugin
console.warn: services.settings: Ignoring preference override of remote settings server
console.warn: services.settings: Allow by setting MOZ_REMOTE_SETTINGS_DEVTOOLS=1 in the environment
1694168796938	Marionette	INFO	Marionette enabled
Dynamically enable window occlusion 0
1694168797051	Marionette	INFO	Listening on port 65301
WebDriver BiDi listening on ws://127.0.0.1:65287
Read port: 65301
1694168797288	RemoteAgent	WARN	TLS certificate errors will be ignored for this session
DevTools listening on ws://127.0.0.1:65287/devtools/browser/6c3bfcf1-cbae-49d6-8bdd-6d58c8d9adc5
console.warn: LoginRecipes: "Falling back to a synchronous message for: https://alchemy.hguy.co."
console.warn: LoginRecipes: "Falling back to a synchronous message for: https://alchemy.hguy.co."
JavaScript warning: https://alchemy.hguy.co/crm/include/SuiteGraphs/rgraph/libraries/RGraph.common.effects.js, line 188: unreachable code after return statement
1694168802285	Marionette	INFO	Stopped listening on port 65301
JavaScript warning: https://alchemy.hguy.co/crm/cache/include/javascript/sugar_grp1_yui.js?v=cK7kLsY0ftg72ZVHTYUT_g, line 377: Script terminated by timeout at:
k@https://alchemy.hguy.co/crm/cache/include/javascript/sugar_grp1_yui.js?v=cK7kLsY0ftg72ZVHTYUT_g:377:174
f/<@https://alchemy.hguy.co/crm/cache/include/javascript/sugar_grp1_yui.js?v=cK7kLsY0ftg72ZVHTYUT_g:377:2262

Dynamically enable window occlusion 1
1694169139374	geckodriver	INFO	Listening on 127.0.0.1:50098
1694169142388	mozrunner::runner	INFO	Running command: "C:\\Program Files\\Mozilla Firefox\\firefox.exe" "--marionette" "--remote-debugging-port" "50099" "--remote-allow-hosts" "localhost" "-no-remote" "-profile" "C:\\Users\\002TDB~1\\AppData\\Local\\Temp\\rust_mozprofilePtppv6"
console.error: Enterprise Policies: 
  Unknown policy: FlashPlugin
console.warn: services.settings: Ignoring preference override of remote settings server
console.warn: services.settings: Allow by setting MOZ_REMOTE_SETTINGS_DEVTOOLS=1 in the environment
1694169142787	Marionette	INFO	Marionette enabled
Dynamically enable window occlusion 0
1694169142901	Marionette	INFO	Listening on port 50110
WebDriver BiDi listening on ws://127.0.0.1:50099
Read port: 50110
1694169143164	RemoteAgent	WARN	TLS certificate errors will be ignored for this session
DevTools listening on ws://127.0.0.1:50099/devtools/browser/e8157ca8-5505-40e1-b038-b560caa71628
console.warn: LoginRecipes: "Falling back to a synchronous message for: https://alchemy.hguy.co."
console.warn: LoginRecipes: "Falling back to a synchronous message for: https://alchemy.hguy.co."
JavaScript warning: https://alchemy.hguy.co/crm/include/SuiteGraphs/rgraph/libraries/RGraph.common.effects.js, line 188: unreachable code after return statement
1694169148711	Marionette	INFO	Stopped listening on port 50110
JavaScript warning: https://alchemy.hguy.co/crm/cache/include/javascript/sugar_grp1_yui.js?v=cK7kLsY0ftg72ZVHTYUT_g, line 79: Script terminated by timeout at:
_tryPreloadAttach@https://alchemy.hguy.co/crm/cache/include/javascript/sugar_grp1_yui.js?v=cK7kLsY0ftg72ZVHTYUT_g:79:30489
q@https://alchemy.hguy.co/crm/cache/include/javascript/sugar_grp1.js?v=cK7kLsY0ftg72ZVHTYUT_g:855:6316

Dynamically enable window occlusion 1
1694169185377	geckodriver	INFO	Listening on 127.0.0.1:50173
1694169188422	mozrunner::runner	INFO	Running command: "C:\\Program Files\\Mozilla Firefox\\firefox.exe" "--marionette" "--remote-debugging-port" "50174" "--remote-allow-hosts" "localhost" "-no-remote" "-profile" "C:\\Users\\002TDB~1\\AppData\\Local\\Temp\\rust_mozprofileEhAim8"
console.error: Enterprise Policies: 
  Unknown policy: FlashPlugin
console.warn: services.settings: Ignoring preference override of remote settings server
console.warn: services.settings: Allow by setting MOZ_REMOTE_SETTINGS_DEVTOOLS=1 in the environment
1694169189268	Marionette	INFO	Marionette enabled
Dynamically enable window occlusion 0
1694169189455	Marionette	INFO	Listening on port 50196
WebDriver BiDi listening on ws://127.0.0.1:50174
Read port: 50196
1694169190074	RemoteAgent	WARN	TLS certificate errors will be ignored for this session
DevTools listening on ws://127.0.0.1:50174/devtools/browser/79d71da8-38af-450c-9f35-51f5a42e74fa
console.warn: LoginRecipes: "Falling back to a synchronous message for: https://alchemy.hguy.co."
console.warn: LoginRecipes: "Falling back to a synchronous message for: https://alchemy.hguy.co."
JavaScript warning: https://alchemy.hguy.co/crm/include/SuiteGraphs/rgraph/libraries/RGraph.common.effects.js, line 188: unreachable code after return statement
1694169194630	Marionette	INFO	Stopped listening on port 50196
JavaScript warning: https://alchemy.hguy.co/crm/cache/include/javascript/sugar_grp1_yui.js?v=cK7kLsY0ftg72ZVHTYUT_g, line 79: Script terminated by timeout at:
_tryPreloadAttach@https://alchemy.hguy.co/crm/cache/include/javascript/sugar_grp1_yui.js?v=cK7kLsY0ftg72ZVHTYUT_g:79:30489
q@https://alchemy.hguy.co/crm/cache/include/javascript/sugar_grp1.js?v=cK7kLsY0ftg72ZVHTYUT_g:855:6316

Dynamically enable window occlusion 1
1694174024973	geckodriver	INFO	Listening on 127.0.0.1:64169
1694174028026	mozrunner::runner	INFO	Running command: "C:\\Program Files\\Mozilla Firefox\\firefox.exe" "--marionette" "--remote-debugging-port" "64170" "--remote-allow-hosts" "localhost" "-no-remote" "-profile" "C:\\Users\\002TDB~1\\AppData\\Local\\Temp\\rust_mozprofilehtADRI"
console.error: Enterprise Policies: 
  Unknown policy: FlashPlugin
console.warn: services.settings: Ignoring preference override of remote settings server
console.warn: services.settings: Allow by setting MOZ_REMOTE_SETTINGS_DEVTOOLS=1 in the environment
1694174028455	Marionette	INFO	Marionette enabled
Dynamically enable window occlusion 0
1694174028580	Marionette	INFO	Listening on port 64185
Read port: 64185
WebDriver BiDi listening on ws://127.0.0.1:64170
1694174028772	RemoteAgent	WARN	TLS certificate errors will be ignored for this session
DevTools listening on ws://127.0.0.1:64170/devtools/browser/a2dfc741-67f3-4096-9f14-027a3f563705
1694174032375	Marionette	INFO	Stopped listening on port 64185
JavaScript warning: https://alchemy.hguy.co/crm/cache/include/javascript/sugar_grp1.js?v=cK7kLsY0ftg72ZVHTYUT_g, line 855: Script terminated by timeout at:
q@https://alchemy.hguy.co/crm/cache/include/javascript/sugar_grp1.js?v=cK7kLsY0ftg72ZVHTYUT_g:855:6314

Dynamically enable window occlusion 1
1694174477947	geckodriver	INFO	Listening on 127.0.0.1:64507
1694174480947	mozrunner::runner	INFO	Running command: "C:\\Program Files\\Mozilla Firefox\\firefox.exe" "--marionette" "--remote-debugging-port" "64508" "--remote-allow-hosts" "localhost" "-no-remote" "-profile" "C:\\Users\\002TDB~1\\AppData\\Local\\Temp\\rust_mozprofile8fitg4"
console.error: Enterprise Policies: 
  Unknown policy: FlashPlugin
console.warn: services.settings: Ignoring preference override of remote settings server
console.warn: services.settings: Allow by setting MOZ_REMOTE_SETTINGS_DEVTOOLS=1 in the environment
1694174481454	Marionette	INFO	Marionette enabled
Dynamically enable window occlusion 0
1694174481652	Marionette	INFO	Listening on port 64518
WebDriver BiDi listening on ws://127.0.0.1:64508
Read port: 64518
1694174481960	RemoteAgent	WARN	TLS certificate errors will be ignored for this session
DevTools listening on ws://127.0.0.1:64508/devtools/browser/38218ca9-035b-4974-9f83-994cbace345b
console.warn: LoginRecipes: "Falling back to a synchronous message for: https://alchemy.hguy.co."
console.warn: LoginRecipes: "Falling back to a synchronous message for: https://alchemy.hguy.co."
JavaScript warning: https://alchemy.hguy.co/crm/include/SuiteGraphs/rgraph/libraries/RGraph.common.effects.js, line 188: unreachable code after return statement
1694174486769	Marionette	INFO	Stopped listening on port 64518
Dynamically enable window occlusion 1
1694174594402	geckodriver	INFO	Listening on 127.0.0.1:53724
1694174597369	mozrunner::runner	INFO	Running command: "C:\\Program Files\\Mozilla Firefox\\firefox.exe" "--marionette" "--remote-debugging-port" "53725" "--remote-allow-hosts" "localhost" "-no-remote" "-profile" "C:\\Users\\002TDB~1\\AppData\\Local\\Temp\\rust_mozprofileBXdrZs"
console.error: Enterprise Policies: 
  Unknown policy: FlashPlugin
console.warn: services.settings: Ignoring preference override of remote settings server
console.warn: services.settings: Allow by setting MOZ_REMOTE_SETTINGS_DEVTOOLS=1 in the environment
1694174597894	Marionette	INFO	Marionette enabled
Dynamically enable window occlusion 0
1694174598064	Marionette	INFO	Listening on port 53735
WebDriver BiDi listening on ws://127.0.0.1:53725
Read port: 53735
1694174598359	RemoteAgent	WARN	TLS certificate errors will be ignored for this session
DevTools listening on ws://127.0.0.1:53725/devtools/browser/f1309968-8d97-40c3-ba5f-5fae5640cd6b
console.warn: LoginRecipes: "Falling back to a synchronous message for: https://alchemy.hguy.co."
console.warn: LoginRecipes: "Falling back to a synchronous message for: https://alchemy.hguy.co."
JavaScript warning: https://alchemy.hguy.co/crm/include/SuiteGraphs/rgraph/libraries/RGraph.common.effects.js, line 188: unreachable code after return statement
1694174608531	Marionette	INFO	Stopped listening on port 53735
JavaScript warning: https://alchemy.hguy.co/crm/cache/include/javascript/sugar_grp1_yui.js?v=cK7kLsY0ftg72ZVHTYUT_g, line 86: Script terminated by timeout at:
createEvent@https://alchemy.hguy.co/crm/cache/include/javascript/sugar_grp1_yui.js?v=cK7kLsY0ftg72ZVHTYUT_g:86:1489
init@https://alchemy.hguy.co/crm/cache/include/javascript/sugar_grp1_yui.js?v=cK7kLsY0ftg72ZVHTYUT_g:115:367
YAHOO.util.Config@https://alchemy.hguy.co/crm/cache/include/javascript/sugar_grp1_yui.js?v=cK7kLsY0ftg72ZVHTYUT_g:115:54
init@https://alchemy.hguy.co/crm/cache/include/javascript/sugar_grp1_yui.js?v=cK7kLsY0ftg72ZVHTYUT_g:115:8360
init@https://alchemy.hguy.co/crm/cache/include/javascript/sugar_grp1_yui.js?v=cK7kLsY0ftg72ZVHTYUT_g:115:17020
init@https://alchemy.hguy.co/crm/cache/include/javascript/sugar_grp1_yui.js?v=cK7kLsY0ftg72ZVHTYUT_g:115:46941
init@https://alchemy.hguy.co/crm/cache/include/javascript/sugar_grp1_yui.js?v=cK7kLsY0ftg72ZVHTYUT_g:115:62465
YAHOO.widget.Module@https://alchemy.hguy.co/crm/cache/include/javascript/sugar_grp1_yui.js?v=cK7kLsY0ftg72ZVHTYUT_g:115:4397
YAHOO.widget.Overlay@https://alchemy.hguy.co/crm/cache/include/javascript/sugar_grp1_yui.js?v=cK7kLsY0ftg72ZVHTYUT_g:115:14395
YAHOO.widget.Panel@https://alchemy.hguy.co/crm/cache/include/javascript/sugar_grp1_yui.js?v=cK7kLsY0ftg72ZVHTYUT_g:115:45361
YAHOO.widget.Dialog@https://alchemy.hguy.co/crm/cache/include/javascript/sugar_grp1_yui.js?v=cK7kLsY0ftg72ZVHTYUT_g:115:60442
renderDashletsDialog@https://alchemy.hguy.co/crm/include/MySugar/javascript/MySugar.js?v=cK7kLsY0ftg72ZVHTYUT_g:79:537
onSuccess@https://alchemy.hguy.co/crm/index.php?module=Home&action=index:1383:27
loadNext@https://alchemy.hguy.co/crm/cache/include/javascript/sugar_grp1.js?v=cK7kLsY0ftg72ZVHTYUT_g:855:30350
donext@https://alchemy.hguy.co/crm/cache/include/javascript/sugar_grp1.js?v=cK7kLsY0ftg72ZVHTYUT_g:855:29252
c@https://alchemy.hguy.co/crm/cache/include/javascript/sugar_grp1.js?v=cK7kLsY0ftg72ZVHTYUT_g:855:7851
f@https://alchemy.hguy.co/crm/cache/include/javascript/sugar_grp1.js?v=cK7kLsY0ftg72ZVHTYUT_g:855:8608
e/z.onload@https://alchemy.hguy.co/crm/cache/include/javascript/sugar_grp1.js?v=cK7kLsY0ftg72ZVHTYUT_g:855:10665

Dynamically enable window occlusion 1
1694174884316	geckodriver	INFO	Listening on 127.0.0.1:54785
1694174887330	mozrunner::runner	INFO	Running command: "C:\\Program Files\\Mozilla Firefox\\firefox.exe" "--marionette" "--remote-debugging-port" "54786" "--remote-allow-hosts" "localhost" "-no-remote" "-profile" "C:\\Users\\002TDB~1\\AppData\\Local\\Temp\\rust_mozprofileDjpYOV"
console.error: Enterprise Policies: 
  Unknown policy: FlashPlugin
console.warn: services.settings: Ignoring preference override of remote settings server
console.warn: services.settings: Allow by setting MOZ_REMOTE_SETTINGS_DEVTOOLS=1 in the environment
1694174887773	Marionette	INFO	Marionette enabled
Dynamically enable window occlusion 0
1694174887907	Marionette	INFO	Listening on port 54798
WebDriver BiDi listening on ws://127.0.0.1:54786
Read port: 54798
1694174888194	RemoteAgent	WARN	TLS certificate errors will be ignored for this session
DevTools listening on ws://127.0.0.1:54786/devtools/browser/7f50f175-e430-40e5-92b4-a8ee0073dc36
console.warn: LoginRecipes: "Falling back to a synchronous message for: https://alchemy.hguy.co."
console.warn: LoginRecipes: "Falling back to a synchronous message for: https://alchemy.hguy.co."
JavaScript warning: https://alchemy.hguy.co/crm/include/SuiteGraphs/rgraph/libraries/RGraph.common.effects.js, line 188: unreachable code after return statement
1694174892729	Marionette	INFO	Stopped listening on port 54798
JavaScript warning: https://alchemy.hguy.co/crm/cache/include/javascript/sugar_grp1.js?v=cK7kLsY0ftg72ZVHTYUT_g, line 855: Script terminated by timeout at:
q@https://alchemy.hguy.co/crm/cache/include/javascript/sugar_grp1.js?v=cK7kLsY0ftg72ZVHTYUT_g:855:6314

Dynamically enable window occlusion 1
1694175417108	geckodriver	INFO	Listening on 127.0.0.1:50410
1694175420086	mozrunner::runner	INFO	Running command: "C:\\Program Files\\Mozilla Firefox\\firefox.exe" "--marionette" "--remote-debugging-port" "50411" "--remote-allow-hosts" "localhost" "-no-remote" "-profile" "C:\\Users\\002TDB~1\\AppData\\Local\\Temp\\rust_mozprofileOXJXT5"
console.error: Enterprise Policies: 
  Unknown policy: FlashPlugin
console.warn: services.settings: Ignoring preference override of remote settings server
console.warn: services.settings: Allow by setting MOZ_REMOTE_SETTINGS_DEVTOOLS=1 in the environment
1694175420597	Marionette	INFO	Marionette enabled
Dynamically enable window occlusion 0
1694175420742	Marionette	INFO	Listening on port 50424
WebDriver BiDi listening on ws://127.0.0.1:50411
Read port: 50424
1694175421115	RemoteAgent	WARN	TLS certificate errors will be ignored for this session
DevTools listening on ws://127.0.0.1:50411/devtools/browser/86aa510b-770a-4555-86d6-ee90821abf55
console.warn: LoginRecipes: "Falling back to a synchronous message for: https://alchemy.hguy.co."
console.warn: LoginRecipes: "Falling back to a synchronous message for: https://alchemy.hguy.co."
JavaScript warning: https://alchemy.hguy.co/crm/include/SuiteGraphs/rgraph/libraries/RGraph.common.effects.js, line 188: unreachable code after return statement
1694175425256	Marionette	INFO	Stopped listening on port 50424
Dynamically enable window occlusion 1
1694175460507	geckodriver	INFO	Listening on 127.0.0.1:50515
1694175463503	mozrunner::runner	INFO	Running command: "C:\\Program Files\\Mozilla Firefox\\firefox.exe" "--marionette" "--remote-debugging-port" "50516" "--remote-allow-hosts" "localhost" "-no-remote" "-profile" "C:\\Users\\002TDB~1\\AppData\\Local\\Temp\\rust_mozprofileFojC8M"
console.error: Enterprise Policies: 
  Unknown policy: FlashPlugin
console.warn: services.settings: Ignoring preference override of remote settings server
console.warn: services.settings: Allow by setting MOZ_REMOTE_SETTINGS_DEVTOOLS=1 in the environment
1694175463968	Marionette	INFO	Marionette enabled
Dynamically enable window occlusion 0
1694175464098	Marionette	INFO	Listening on port 50525
WebDriver BiDi listening on ws://127.0.0.1:50516
Read port: 50525
1694175464376	RemoteAgent	WARN	TLS certificate errors will be ignored for this session
DevTools listening on ws://127.0.0.1:50516/devtools/browser/2e82e33c-cdfd-4dae-a53e-4e55f44e3fe2
console.warn: LoginRecipes: "Falling back to a synchronous message for: https://alchemy.hguy.co."
console.warn: LoginRecipes: "Falling back to a synchronous message for: https://alchemy.hguy.co."
JavaScript warning: https://alchemy.hguy.co/crm/include/SuiteGraphs/rgraph/libraries/RGraph.common.effects.js, line 188: unreachable code after return statement
1694175468817	Marionette	INFO	Stopped listening on port 50525
JavaScript warning: https://alchemy.hguy.co/crm/cache/include/javascript/sugar_grp1.js?v=cK7kLsY0ftg72ZVHTYUT_g, line 855: Script terminated by timeout at:
q@https://alchemy.hguy.co/crm/cache/include/javascript/sugar_grp1.js?v=cK7kLsY0ftg72ZVHTYUT_g:855:6314

Dynamically enable window occlusion 1
1694175518805	geckodriver	INFO	Listening on 127.0.0.1:50603
1694175521767	mozrunner::runner	INFO	Running command: "C:\\Program Files\\Mozilla Firefox\\firefox.exe" "--marionette" "--remote-debugging-port" "50604" "--remote-allow-hosts" "localhost" "-no-remote" "-profile" "C:\\Users\\002TDB~1\\AppData\\Local\\Temp\\rust_mozprofileKWGQbA"
console.error: Enterprise Policies: 
  Unknown policy: FlashPlugin
console.warn: services.settings: Ignoring preference override of remote settings server
console.warn: services.settings: Allow by setting MOZ_REMOTE_SETTINGS_DEVTOOLS=1 in the environment
1694175522205	Marionette	INFO	Marionette enabled
Dynamically enable window occlusion 0
1694175522323	Marionette	INFO	Listening on port 50616
WebDriver BiDi listening on ws://127.0.0.1:50604
Read port: 50616
1694175522513	RemoteAgent	WARN	TLS certificate errors will be ignored for this session
DevTools listening on ws://127.0.0.1:50604/devtools/browser/34a8d79a-e747-4a0b-8fa3-9bf916b0e3aa
console.warn: LoginRecipes: "Falling back to a synchronous message for: https://alchemy.hguy.co."
console.warn: LoginRecipes: "Falling back to a synchronous message for: https://alchemy.hguy.co."
JavaScript warning: https://alchemy.hguy.co/crm/include/SuiteGraphs/rgraph/libraries/RGraph.common.effects.js, line 188: unreachable code after return statement
1694175527283	Marionette	INFO	Stopped listening on port 50616
JavaScript warning: https://alchemy.hguy.co/crm/cache/include/javascript/sugar_grp1_yui.js?v=cK7kLsY0ftg72ZVHTYUT_g, line 377: Script terminated by timeout at:
k@https://alchemy.hguy.co/crm/cache/include/javascript/sugar_grp1_yui.js?v=cK7kLsY0ftg72ZVHTYUT_g:377:157
f/<@https://alchemy.hguy.co/crm/cache/include/javascript/sugar_grp1_yui.js?v=cK7kLsY0ftg72ZVHTYUT_g:377:2262

Dynamically enable window occlusion 1
1694175568663	geckodriver	INFO	Listening on 127.0.0.1:50704
1694175571677	mozrunner::runner	INFO	Running command: "C:\\Program Files\\Mozilla Firefox\\firefox.exe" "--marionette" "--remote-debugging-port" "50705" "--remote-allow-hosts" "localhost" "-no-remote" "-profile" "C:\\Users\\002TDB~1\\AppData\\Local\\Temp\\rust_mozprofile7bAj7C"
console.error: Enterprise Policies: 
  Unknown policy: FlashPlugin
console.warn: services.settings: Ignoring preference override of remote settings server
console.warn: services.settings: Allow by setting MOZ_REMOTE_SETTINGS_DEVTOOLS=1 in the environment
1694175572129	Marionette	INFO	Marionette enabled
Dynamically enable window occlusion 0
1694175572264	Marionette	INFO	Listening on port 50713
WebDriver BiDi listening on ws://127.0.0.1:50705
Read port: 50713
1694175572544	RemoteAgent	WARN	TLS certificate errors will be ignored for this session
DevTools listening on ws://127.0.0.1:50705/devtools/browser/fd9087cd-16d4-4e46-80aa-45817944c160
console.warn: LoginRecipes: "Falling back to a synchronous message for: https://alchemy.hguy.co."
console.warn: LoginRecipes: "Falling back to a synchronous message for: https://alchemy.hguy.co."
JavaScript warning: https://alchemy.hguy.co/crm/include/SuiteGraphs/rgraph/libraries/RGraph.common.effects.js, line 188: unreachable code after return statement
1694175577028	Marionette	INFO	Stopped listening on port 50713
JavaScript warning: https://alchemy.hguy.co/crm/cache/include/javascript/sugar_grp1.js?v=cK7kLsY0ftg72ZVHTYUT_g, line 855: Script terminated by timeout at:
q@https://alchemy.hguy.co/crm/cache/include/javascript/sugar_grp1.js?v=cK7kLsY0ftg72ZVHTYUT_g:855:6314

Dynamically enable window occlusion 1
1694175678774	geckodriver	INFO	Listening on 127.0.0.1:53483
1694175681767	mozrunner::runner	INFO	Running command: "C:\\Program Files\\Mozilla Firefox\\firefox.exe" "--marionette" "--remote-debugging-port" "53484" "--remote-allow-hosts" "localhost" "-no-remote" "-profile" "C:\\Users\\002TDB~1\\AppData\\Local\\Temp\\rust_mozprofileoFbSOB"
console.error: Enterprise Policies: 
  Unknown policy: FlashPlugin
console.warn: services.settings: Ignoring preference override of remote settings server
console.warn: services.settings: Allow by setting MOZ_REMOTE_SETTINGS_DEVTOOLS=1 in the environment
1694175682222	Marionette	INFO	Marionette enabled
Dynamically enable window occlusion 0
1694175682345	Marionette	INFO	Listening on port 53492
WebDriver BiDi listening on ws://127.0.0.1:53484
Read port: 53492
1694175682612	RemoteAgent	WARN	TLS certificate errors will be ignored for this session
DevTools listening on ws://127.0.0.1:53484/devtools/browser/119a843a-c106-406b-a369-4c8310092c0d
console.warn: LoginRecipes: "Falling back to a synchronous message for: https://alchemy.hguy.co."
console.warn: LoginRecipes: "Falling back to a synchronous message for: https://alchemy.hguy.co."
JavaScript warning: https://alchemy.hguy.co/crm/include/SuiteGraphs/rgraph/libraries/RGraph.common.effects.js, line 188: unreachable code after return statement
1694175687342	Marionette	INFO	Stopped listening on port 53492
JavaScript warning: https://alchemy.hguy.co/crm/cache/include/javascript/sugar_grp1_yui.js?v=cK7kLsY0ftg72ZVHTYUT_g, line 377: Script terminated by timeout at:
k@https://alchemy.hguy.co/crm/cache/include/javascript/sugar_grp1_yui.js?v=cK7kLsY0ftg72ZVHTYUT_g:377:157
f/<@https://alchemy.hguy.co/crm/cache/include/javascript/sugar_grp1_yui.js?v=cK7kLsY0ftg72ZVHTYUT_g:377:2262

Dynamically enable window occlusion 1
1694175724351	geckodriver	INFO	Listening on 127.0.0.1:53566
1694175727363	mozrunner::runner	INFO	Running command: "C:\\Program Files\\Mozilla Firefox\\firefox.exe" "--marionette" "--remote-debugging-port" "53567" "--remote-allow-hosts" "localhost" "-no-remote" "-profile" "C:\\Users\\002TDB~1\\AppData\\Local\\Temp\\rust_mozprofileBRxXOC"
console.error: Enterprise Policies: 
  Unknown policy: FlashPlugin
console.warn: services.settings: Ignoring preference override of remote settings server
console.warn: services.settings: Allow by setting MOZ_REMOTE_SETTINGS_DEVTOOLS=1 in the environment
1694175727780	Marionette	INFO	Marionette enabled
Dynamically enable window occlusion 0
1694175727904	Marionette	INFO	Listening on port 53575
WebDriver BiDi listening on ws://127.0.0.1:53567
Read port: 53575
1694175728102	RemoteAgent	WARN	TLS certificate errors will be ignored for this session
DevTools listening on ws://127.0.0.1:53567/devtools/browser/7a9a4b7a-0b89-4959-afc4-638930c4b677
console.warn: LoginRecipes: "Falling back to a synchronous message for: https://alchemy.hguy.co."
console.warn: LoginRecipes: "Falling back to a synchronous message for: https://alchemy.hguy.co."
JavaScript warning: https://alchemy.hguy.co/crm/include/SuiteGraphs/rgraph/libraries/RGraph.common.effects.js, line 188: unreachable code after return statement
1694175732735	Marionette	INFO	Stopped listening on port 53575
Dynamically enable window occlusion 1
1694175852643	geckodriver	INFO	Listening on 127.0.0.1:60618
1694175855667	mozrunner::runner	INFO	Running command: "C:\\Program Files\\Mozilla Firefox\\firefox.exe" "--marionette" "--remote-debugging-port" "60619" "--remote-allow-hosts" "localhost" "-no-remote" "-profile" "C:\\Users\\002TDB~1\\AppData\\Local\\Temp\\rust_mozprofile0bITz6"
console.error: Enterprise Policies: 
  Unknown policy: FlashPlugin
console.warn: services.settings: Ignoring preference override of remote settings server
console.warn: services.settings: Allow by setting MOZ_REMOTE_SETTINGS_DEVTOOLS=1 in the environment
1694175856092	Marionette	INFO	Marionette enabled
Dynamically enable window occlusion 0
1694175856215	Marionette	INFO	Listening on port 60629
WebDriver BiDi listening on ws://127.0.0.1:60619
Read port: 60629
1694175856478	RemoteAgent	WARN	TLS certificate errors will be ignored for this session
DevTools listening on ws://127.0.0.1:60619/devtools/browser/4cb57d46-fcda-4b6d-a568-b318d4f37c07
console.warn: LoginRecipes: "Falling back to a synchronous message for: https://alchemy.hguy.co."
console.warn: LoginRecipes: "Falling back to a synchronous message for: https://alchemy.hguy.co."
JavaScript warning: https://alchemy.hguy.co/crm/include/SuiteGraphs/rgraph/libraries/RGraph.common.effects.js, line 188: unreachable code after return statement
1694175861074	Marionette	INFO	Stopped listening on port 60629
Dynamically enable window occlusion 1
1694175962038	geckodriver	INFO	Listening on 127.0.0.1:55231
1694175965070	mozrunner::runner	INFO	Running command: "C:\\Program Files\\Mozilla Firefox\\firefox.exe" "--marionette" "--remote-debugging-port" "55232" "--remote-allow-hosts" "localhost" "-no-remote" "-profile" "C:\\Users\\002TDB~1\\AppData\\Local\\Temp\\rust_mozprofileXAVXUj"
console.error: Enterprise Policies: 
  Unknown policy: FlashPlugin
console.warn: services.settings: Ignoring preference override of remote settings server
console.warn: services.settings: Allow by setting MOZ_REMOTE_SETTINGS_DEVTOOLS=1 in the environment
1694175965511	Marionette	INFO	Marionette enabled
Dynamically enable window occlusion 0
1694175965627	Marionette	INFO	Listening on port 55242
WebDriver BiDi listening on ws://127.0.0.1:55232
Read port: 55242
1694175965865	RemoteAgent	WARN	TLS certificate errors will be ignored for this session
DevTools listening on ws://127.0.0.1:55232/devtools/browser/f18f6dbb-bd6e-4974-b8c8-f7b6a34f2bae
console.warn: LoginRecipes: "Falling back to a synchronous message for: https://alchemy.hguy.co."
console.warn: LoginRecipes: "Falling back to a synchronous message for: https://alchemy.hguy.co."
JavaScript warning: https://alchemy.hguy.co/crm/include/SuiteGraphs/rgraph/libraries/RGraph.common.effects.js, line 188: unreachable code after return statement
1694175969837	Marionette	WARN	Ignoring event 'DOMContentLoaded' because document has an invalid readyState of 'complete'.
1694175970308	Marionette	INFO	Stopped listening on port 55242
JavaScript warning: https://alchemy.hguy.co/crm/cache/include/javascript/sugar_grp1_yui.js?v=cK7kLsY0ftg72ZVHTYUT_g, line 109: Script terminated by timeout at:
handleReadyState/this._poll[c.tId]<@https://alchemy.hguy.co/crm/cache/include/javascript/sugar_grp1_yui.js?v=cK7kLsY0ftg72ZVHTYUT_g:109:3967

Dynamically enable window occlusion 1
1694177965218	geckodriver	INFO	Listening on 127.0.0.1:55225
1694177968229	mozrunner::runner	INFO	Running command: "C:\\Program Files\\Mozilla Firefox\\firefox.exe" "--marionette" "--remote-debugging-port" "55226" "--remote-allow-hosts" "localhost" "-no-remote" "-profile" "C:\\Users\\002TDB~1\\AppData\\Local\\Temp\\rust_mozprofiletd1C7H"
console.error: Enterprise Policies: 
  Unknown policy: FlashPlugin
console.warn: services.settings: Ignoring preference override of remote settings server
console.warn: services.settings: Allow by setting MOZ_REMOTE_SETTINGS_DEVTOOLS=1 in the environment
1694177968664	Marionette	INFO	Marionette enabled
Dynamically enable window occlusion 0
1694177968782	Marionette	INFO	Listening on port 55236
WebDriver BiDi listening on ws://127.0.0.1:55226
Read port: 55236
1694177969063	RemoteAgent	WARN	TLS certificate errors will be ignored for this session
DevTools listening on ws://127.0.0.1:55226/devtools/browser/b4bd184c-f6d7-4287-b5ff-5a1b9e4b0dcb
console.warn: LoginRecipes: "Falling back to a synchronous message for: https://alchemy.hguy.co."
console.warn: LoginRecipes: "Falling back to a synchronous message for: https://alchemy.hguy.co."
JavaScript warning: https://alchemy.hguy.co/crm/include/SuiteGraphs/rgraph/libraries/RGraph.common.effects.js, line 188: unreachable code after return statement
1694177974824	Marionette	INFO	Stopped listening on port 55236
JavaScript warning: https://alchemy.hguy.co/crm/cache/include/javascript/sugar_grp1_yui.js?v=cK7kLsY0ftg72ZVHTYUT_g, line 377: Script terminated by timeout at:
k@https://alchemy.hguy.co/crm/cache/include/javascript/sugar_grp1_yui.js?v=cK7kLsY0ftg72ZVHTYUT_g:377:157
f/<@https://alchemy.hguy.co/crm/cache/include/javascript/sugar_grp1_yui.js?v=cK7kLsY0ftg72ZVHTYUT_g:377:2262

Dynamically enable window occlusion 1
1694178149947	geckodriver	INFO	Listening on 127.0.0.1:52901
1694178152944	mozrunner::runner	INFO	Running command: "C:\\Program Files\\Mozilla Firefox\\firefox.exe" "--marionette" "--remote-debugging-port" "52902" "--remote-allow-hosts" "localhost" "-no-remote" "-profile" "C:\\Users\\002TDB~1\\AppData\\Local\\Temp\\rust_mozprofileUWQcsK"
console.error: Enterprise Policies: 
  Unknown policy: FlashPlugin
console.warn: services.settings: Ignoring preference override of remote settings server
console.warn: services.settings: Allow by setting MOZ_REMOTE_SETTINGS_DEVTOOLS=1 in the environment
1694178153390	Marionette	INFO	Marionette enabled
Dynamically enable window occlusion 0
1694178153508	Marionette	INFO	Listening on port 52910
WebDriver BiDi listening on ws://127.0.0.1:52902
Read port: 52910
1694178153791	RemoteAgent	WARN	TLS certificate errors will be ignored for this session
DevTools listening on ws://127.0.0.1:52902/devtools/browser/96261ce7-a345-498a-8b9b-6b0bd13db7fc
console.warn: LoginRecipes: "Falling back to a synchronous message for: https://alchemy.hguy.co."
console.warn: LoginRecipes: "Falling back to a synchronous message for: https://alchemy.hguy.co."
JavaScript warning: https://alchemy.hguy.co/crm/include/SuiteGraphs/rgraph/libraries/RGraph.common.effects.js, line 188: unreachable code after return statement
1694178158449	Marionette	INFO	Stopped listening on port 52910
JavaScript warning: https://alchemy.hguy.co/crm/cache/include/javascript/sugar_grp1_yui.js?v=cK7kLsY0ftg72ZVHTYUT_g, line 377: Script terminated by timeout at:
k@https://alchemy.hguy.co/crm/cache/include/javascript/sugar_grp1_yui.js?v=cK7kLsY0ftg72ZVHTYUT_g:377:157
f/<@https://alchemy.hguy.co/crm/cache/include/javascript/sugar_grp1_yui.js?v=cK7kLsY0ftg72ZVHTYUT_g:377:2262

Dynamically enable window occlusion 1
1694178779820	geckodriver	INFO	Listening on 127.0.0.1:65227
1694178782871	mozrunner::runner	INFO	Running command: "C:\\Program Files\\Mozilla Firefox\\firefox.exe" "--marionette" "--remote-debugging-port" "65228" "--remote-allow-hosts" "localhost" "-no-remote" "-profile" "C:\\Users\\002TDB~1\\AppData\\Local\\Temp\\rust_mozprofile3ZgBnB"
console.error: Enterprise Policies: 
  Unknown policy: FlashPlugin
console.warn: services.settings: Ignoring preference override of remote settings server
console.warn: services.settings: Allow by setting MOZ_REMOTE_SETTINGS_DEVTOOLS=1 in the environment
1694178783298	Marionette	INFO	Marionette enabled
Dynamically enable window occlusion 0
1694178783440	Marionette	INFO	Listening on port 65237
WebDriver BiDi listening on ws://127.0.0.1:65228
Read port: 65237
1694178783734	RemoteAgent	WARN	TLS certificate errors will be ignored for this session
DevTools listening on ws://127.0.0.1:65228/devtools/browser/919f6cf1-e924-4a29-8451-6bbb6db882d4
console.warn: LoginRecipes: "Falling back to a synchronous message for: https://alchemy.hguy.co."
console.warn: LoginRecipes: "Falling back to a synchronous message for: https://alchemy.hguy.co."
JavaScript warning: https://alchemy.hguy.co/crm/include/SuiteGraphs/rgraph/libraries/RGraph.common.effects.js, line 188: unreachable code after return statement
1694178788353	Marionette	INFO	Stopped listening on port 65237
JavaScript warning: https://alchemy.hguy.co/crm/cache/include/javascript/sugar_grp1_yui.js?v=cK7kLsY0ftg72ZVHTYUT_g, line 377: Script terminated by timeout at:
k@https://alchemy.hguy.co/crm/cache/include/javascript/sugar_grp1_yui.js?v=cK7kLsY0ftg72ZVHTYUT_g:377:157
f/<@https://alchemy.hguy.co/crm/cache/include/javascript/sugar_grp1_yui.js?v=cK7kLsY0ftg72ZVHTYUT_g:377:2262

Dynamically enable window occlusion 1
1694179016946	geckodriver	INFO	Listening on 127.0.0.1:65408
1694179019950	mozrunner::runner	INFO	Running command: "C:\\Program Files\\Mozilla Firefox\\firefox.exe" "--marionette" "--remote-debugging-port" "65409" "--remote-allow-hosts" "localhost" "-no-remote" "-profile" "C:\\Users\\002TDB~1\\AppData\\Local\\Temp\\rust_mozprofilemWV17p"
console.error: Enterprise Policies: 
  Unknown policy: FlashPlugin
console.warn: services.settings: Ignoring preference override of remote settings server
console.warn: services.settings: Allow by setting MOZ_REMOTE_SETTINGS_DEVTOOLS=1 in the environment
1694179020384	Marionette	INFO	Marionette enabled
Dynamically enable window occlusion 0
1694179020513	Marionette	INFO	Listening on port 65418
WebDriver BiDi listening on ws://127.0.0.1:65409
Read port: 65418
1694179020789	RemoteAgent	WARN	TLS certificate errors will be ignored for this session
DevTools listening on ws://127.0.0.1:65409/devtools/browser/a586c8e2-5cbe-4851-9e5f-8cc82b93885a
console.warn: LoginRecipes: "Falling back to a synchronous message for: https://alchemy.hguy.co."
console.warn: LoginRecipes: "Falling back to a synchronous message for: https://alchemy.hguy.co."
JavaScript warning: https://alchemy.hguy.co/crm/include/SuiteGraphs/rgraph/libraries/RGraph.common.effects.js, line 188: unreachable code after return statement
1694179025188	Marionette	INFO	Stopped listening on port 65418
JavaScript warning: https://alchemy.hguy.co/crm/cache/include/javascript/sugar_grp1.js?v=cK7kLsY0ftg72ZVHTYUT_g, line 855: Script terminated by timeout at:
q@https://alchemy.hguy.co/crm/cache/include/javascript/sugar_grp1.js?v=cK7kLsY0ftg72ZVHTYUT_g:855:6314

Dynamically enable window occlusion 1
1694179059049	geckodriver	INFO	Listening on 127.0.0.1:65491
1694179062071	mozrunner::runner	INFO	Running command: "C:\\Program Files\\Mozilla Firefox\\firefox.exe" "--marionette" "--remote-debugging-port" "65492" "--remote-allow-hosts" "localhost" "-no-remote" "-profile" "C:\\Users\\002TDB~1\\AppData\\Local\\Temp\\rust_mozprofileNkF0fY"
console.error: Enterprise Policies: 
  Unknown policy: FlashPlugin
console.warn: services.settings: Ignoring preference override of remote settings server
console.warn: services.settings: Allow by setting MOZ_REMOTE_SETTINGS_DEVTOOLS=1 in the environment
1694179062559	Marionette	INFO	Marionette enabled
Dynamically enable window occlusion 0
1694179062680	Marionette	INFO	Listening on port 65501
WebDriver BiDi listening on ws://127.0.0.1:65492
Read port: 65501
1694179062941	RemoteAgent	WARN	TLS certificate errors will be ignored for this session
DevTools listening on ws://127.0.0.1:65492/devtools/browser/3e206efa-6fb4-4b87-890b-f5eb46d26489
console.warn: LoginRecipes: "Falling back to a synchronous message for: https://alchemy.hguy.co."
console.warn: LoginRecipes: "Falling back to a synchronous message for: https://alchemy.hguy.co."
JavaScript warning: https://alchemy.hguy.co/crm/include/SuiteGraphs/rgraph/libraries/RGraph.common.effects.js, line 188: unreachable code after return statement
1694179067694	Marionette	INFO	Stopped listening on port 65501
JavaScript warning: https://alchemy.hguy.co/crm/cache/include/javascript/sugar_grp1_yui.js?v=cK7kLsY0ftg72ZVHTYUT_g, line 377: Script terminated by timeout at:
k@https://alchemy.hguy.co/crm/cache/include/javascript/sugar_grp1_yui.js?v=cK7kLsY0ftg72ZVHTYUT_g:377:157
f/<@https://alchemy.hguy.co/crm/cache/include/javascript/sugar_grp1_yui.js?v=cK7kLsY0ftg72ZVHTYUT_g:377:2262

Dynamically enable window occlusion 1
1694179155089	geckodriver	INFO	Listening on 127.0.0.1:64281
1694179158034	mozrunner::runner	INFO	Running command: "C:\\Program Files\\Mozilla Firefox\\firefox.exe" "--marionette" "--remote-debugging-port" "64282" "--remote-allow-hosts" "localhost" "-no-remote" "-profile" "C:\\Users\\002TDB~1\\AppData\\Local\\Temp\\rust_mozprofileNpbYgU"
console.error: Enterprise Policies: 
  Unknown policy: FlashPlugin
console.warn: services.settings: Ignoring preference override of remote settings server
console.warn: services.settings: Allow by setting MOZ_REMOTE_SETTINGS_DEVTOOLS=1 in the environment
1694179158467	Marionette	INFO	Marionette enabled
Dynamically enable window occlusion 0
1694179158591	Marionette	INFO	Listening on port 64291
WebDriver BiDi listening on ws://127.0.0.1:64282
Read port: 64291
1694179158855	RemoteAgent	WARN	TLS certificate errors will be ignored for this session
DevTools listening on ws://127.0.0.1:64282/devtools/browser/56c729f9-21f3-4cdc-90f8-978cdfb4250c
console.warn: LoginRecipes: "Falling back to a synchronous message for: https://alchemy.hguy.co."
console.warn: LoginRecipes: "Falling back to a synchronous message for: https://alchemy.hguy.co."
JavaScript warning: https://alchemy.hguy.co/crm/include/SuiteGraphs/rgraph/libraries/RGraph.common.effects.js, line 188: unreachable code after return statement
1694179164147	Marionette	INFO	Stopped listening on port 64291
JavaScript warning: https://alchemy.hguy.co/crm/cache/include/javascript/sugar_grp1_yui.js?v=cK7kLsY0ftg72ZVHTYUT_g, line 377: Script terminated by timeout at:
k@https://alchemy.hguy.co/crm/cache/include/javascript/sugar_grp1_yui.js?v=cK7kLsY0ftg72ZVHTYUT_g:377:157
f/<@https://alchemy.hguy.co/crm/cache/include/javascript/sugar_grp1_yui.js?v=cK7kLsY0ftg72ZVHTYUT_g:377:2262

Dynamically enable window occlusion 1
1694179253876	geckodriver	INFO	Listening on 127.0.0.1:60022
1694179256909	mozrunner::runner	INFO	Running command: "C:\\Program Files\\Mozilla Firefox\\firefox.exe" "--marionette" "--remote-debugging-port" "60026" "--remote-allow-hosts" "localhost" "-no-remote" "-profile" "C:\\Users\\002TDB~1\\AppData\\Local\\Temp\\rust_mozprofileEZMf92"
console.error: Enterprise Policies: 
  Unknown policy: FlashPlugin
console.warn: services.settings: Ignoring preference override of remote settings server
console.warn: services.settings: Allow by setting MOZ_REMOTE_SETTINGS_DEVTOOLS=1 in the environment
1694179257358	Marionette	INFO	Marionette enabled
Dynamically enable window occlusion 0
1694179257488	Marionette	INFO	Listening on port 60035
WebDriver BiDi listening on ws://127.0.0.1:60026
Read port: 60035
1694179257752	RemoteAgent	WARN	TLS certificate errors will be ignored for this session
DevTools listening on ws://127.0.0.1:60026/devtools/browser/4c626513-76e5-4496-bf58-57993f4dc98f
console.warn: LoginRecipes: "Falling back to a synchronous message for: https://alchemy.hguy.co."
console.warn: LoginRecipes: "Falling back to a synchronous message for: https://alchemy.hguy.co."
JavaScript warning: https://alchemy.hguy.co/crm/include/SuiteGraphs/rgraph/libraries/RGraph.common.effects.js, line 188: unreachable code after return statement
1694179262669	Marionette	INFO	Stopped listening on port 60035
JavaScript warning: https://alchemy.hguy.co/crm/cache/include/javascript/sugar_grp1_yui.js?v=cK7kLsY0ftg72ZVHTYUT_g, line 377: Script terminated by timeout at:
k@https://alchemy.hguy.co/crm/cache/include/javascript/sugar_grp1_yui.js?v=cK7kLsY0ftg72ZVHTYUT_g:377:157
f/<@https://alchemy.hguy.co/crm/cache/include/javascript/sugar_grp1_yui.js?v=cK7kLsY0ftg72ZVHTYUT_g:377:2262

Dynamically enable window occlusion 1
